<?xml version="1.0" encoding="UTF-8"?>
<coverage generated="1737240744642" clover="3.2.0">
  <project timestamp="1737240744643" name="All files">
    <metrics statements="59" coveredstatements="52" conditionals="25" coveredconditionals="22" methods="14" coveredmethods="12" elements="98" coveredelements="86" complexity="0" loc="59" ncloc="59" packages="1" files="3" classes="3"/>
    <file name="assign-priority.js" path="/Users/godwinrs/cdk-workspace/githubaction/scripts/prioritization/assign-priority.js">
      <metrics statements="43" coveredstatements="38" conditionals="23" coveredconditionals="21" methods="9" coveredmethods="9"/>
      <line num="10" count="1" type="stmt"/>
      <line num="15" count="1" type="stmt"/>
      <line num="17" count="1" type="stmt"/>
      <line num="18" count="11" type="stmt"/>
      <line num="19" count="14" type="stmt"/>
      <line num="20" count="11" type="stmt"/>
      <line num="22" count="11" type="stmt"/>
      <line num="23" count="12" type="stmt"/>
      <line num="27" count="11" type="cond" truecount="4" falsecount="0"/>
      <line num="28" count="2" type="stmt"/>
      <line num="32" count="9" type="cond" truecount="6" falsecount="0"/>
      <line num="36" count="1" type="stmt"/>
      <line num="40" count="8" type="cond" truecount="7" falsecount="0"/>
      <line num="49" count="5" type="stmt"/>
      <line num="52" count="3" type="stmt"/>
      <line num="58" count="11" type="stmt"/>
      <line num="59" count="11" type="cond" truecount="2" falsecount="0"/>
      <line num="60" count="3" type="stmt"/>
      <line num="61" count="3" type="stmt"/>
      <line num="64" count="8" type="stmt"/>
      <line num="67" count="8" type="stmt"/>
      <line num="72" count="8" type="stmt"/>
      <line num="73" count="8" type="stmt"/>
      <line num="76" count="8" type="stmt"/>
      <line num="77" count="16" type="stmt"/>
      <line num="80" count="8" type="stmt"/>
      <line num="82" count="8" type="stmt"/>
      <line num="88" count="8" type="stmt"/>
      <line num="91" count="8" type="stmt"/>
      <line num="92" count="25" type="stmt"/>
      <line num="95" count="8" type="cond" truecount="1" falsecount="1"/>
      <line num="96" count="0" type="stmt"/>
      <line num="97" count="0" type="stmt"/>
      <line num="101" count="8" type="stmt"/>
      <line num="102" count="8" type="stmt"/>
      <line num="105" count="8" type="cond" truecount="1" falsecount="1"/>
      <line num="106" count="0" type="stmt"/>
      <line num="107" count="0" type="stmt"/>
      <line num="111" count="8" type="stmt"/>
      <line num="128" count="8" type="stmt"/>
      <line num="130" count="0" type="stmt"/>
      <line num="134" count="11" type="stmt"/>
      <line num="135" count="11" type="stmt"/>
    </file>
    <file name="project-api.js" path="/Users/godwinrs/cdk-workspace/githubaction/scripts/prioritization/project-api.js">
      <metrics statements="11" coveredstatements="9" conditionals="2" coveredconditionals="1" methods="5" coveredmethods="3"/>
      <line num="11" count="1" type="stmt"/>
      <line num="18" count="16" type="stmt"/>
      <line num="47" count="1" type="stmt"/>
      <line num="48" count="8" type="stmt"/>
      <line num="74" count="1" type="stmt"/>
      <line num="75" count="8" type="stmt"/>
      <line num="111" count="1" type="stmt"/>
      <line num="112" count="0" type="stmt"/>
      <line num="160" count="1" type="stmt"/>
      <line num="161" count="0" type="stmt"/>
      <line num="194" count="1" type="stmt"/>
    </file>
    <file name="project-config.js" path="/Users/godwinrs/cdk-workspace/githubaction/scripts/prioritization/project-config.js">
      <metrics statements="5" coveredstatements="5" conditionals="0" coveredconditionals="0" methods="0" coveredmethods="0"/>
      <line num="1" count="1" type="stmt"/>
      <line num="9" count="1" type="stmt"/>
      <line num="18" count="1" type="stmt"/>
      <line num="20" count="1" type="stmt"/>
      <line num="38" count="1" type="stmt"/>
    </file>
  </project>
</coverage>
