TN:
SF:scripts/prioritization/assign-priority.js
FN:17,(anonymous_0)
FN:18,(anonymous_1)
FN:19,(anonymous_2)
FN:22,(anonymous_3)
FN:55,addToProject
FN:73,(anonymous_5)
FN:77,(anonymous_6)
FN:92,(anonymous_7)
FN:102,(anonymous_8)
FNF:9
FNH:9
FNDA:11,(anonymous_0)
FNDA:11,(anonymous_1)
FNDA:14,(anonymous_2)
FNDA:12,(anonymous_3)
FNDA:11,addToProject
FNDA:8,(anonymous_5)
FNDA:16,(anonymous_6)
FNDA:25,(anonymous_7)
FNDA:8,(anonymous_8)
DA:10,1
DA:15,1
DA:17,1
DA:18,11
DA:19,14
DA:20,11
DA:22,11
DA:23,12
DA:27,11
DA:28,2
DA:32,9
DA:36,1
DA:40,8
DA:49,5
DA:52,3
DA:58,11
DA:59,11
DA:60,3
DA:61,3
DA:64,8
DA:67,8
DA:72,8
DA:73,8
DA:76,8
DA:77,16
DA:80,8
DA:82,8
DA:88,8
DA:91,8
DA:92,25
DA:95,8
DA:96,0
DA:97,0
DA:101,8
DA:102,8
DA:105,8
DA:106,0
DA:107,0
DA:111,8
DA:128,8
DA:130,0
DA:134,11
DA:135,11
LF:43
LH:38
BRDA:27,0,0,2
BRDA:27,0,1,9
BRDA:27,1,0,11
BRDA:27,1,1,8
BRDA:32,2,0,1
BRDA:32,2,1,8
BRDA:32,3,0,9
BRDA:32,3,1,6
BRDA:32,3,2,3
BRDA:32,3,3,3
BRDA:40,4,0,5
BRDA:40,4,1,3
BRDA:40,5,0,8
BRDA:40,5,1,5
BRDA:40,5,2,4
BRDA:40,5,3,2
BRDA:40,5,4,2
BRDA:59,6,0,3
BRDA:59,6,1,8
BRDA:95,7,0,0
BRDA:95,7,1,8
BRDA:105,8,0,0
BRDA:105,8,1,8
BRF:23
BRH:21
end_of_record
TN:
SF:scripts/prioritization/project-api.js
FN:11,(anonymous_0)
FN:47,(anonymous_1)
FN:74,(anonymous_2)
FN:111,(anonymous_3)
FN:160,(anonymous_4)
FNF:5
FNH:3
FNDA:16,(anonymous_0)
FNDA:8,(anonymous_1)
FNDA:8,(anonymous_2)
FNDA:0,(anonymous_3)
FNDA:0,(anonymous_4)
DA:11,1
DA:18,16
DA:47,1
DA:48,8
DA:74,1
DA:75,8
DA:111,1
DA:112,0
DA:160,1
DA:161,0
DA:194,1
LF:11
LH:9
BRDA:33,0,0,16
BRDA:33,0,1,0
BRF:2
BRH:1
end_of_record
TN:
SF:scripts/prioritization/project-config.js
FNF:0
FNH:0
DA:1,1
DA:9,1
DA:18,1
DA:20,1
DA:38,1
LF:5
LH:5
BRF:0
BRH:0
end_of_record
